<?xml version="1.0" encoding="UTF-8"?>
<!-- Generated by org.testng.reporters.JUnitReportReporter -->
<testsuite hostname="sanjay" failures="0" tests="4" name="com.framework.sample.kpnfresh.tests.TestRunner" time="12.474" errors="4" timestamp="2025-07-13T21:02:04 IST" skipped="0">
  <testcase classname="com.framework.sample.kpnfresh.tests.TestRunner" name="runScenario" time="2.993">
    <error message="Locator not found: header.search" type="java.lang.IllegalArgumentException">
      <![CDATA[java.lang.IllegalArgumentException: Locator not found: header.search
at com.framework.pages.BasePage.lambda$getLocator$1(BasePage.java:52)
at java.base/java.util.Optional.orElseThrow(Optional.java:403)
at com.framework.pages.BasePage.getLocator(BasePage.java:52)
at com.framework.pages.BasePage.getElement(BasePage.java:73)
at com.framework.sample.kpnfresh.pages.HomePage.search(HomePage.java:13)
at com.framework.sample.kpnfresh.stepdefs.HomePageSteps.iSearchFor(HomePageSteps.java:25)
at ✽.I search for "cucumber bdd"(file:///D:/TestGenie/selenium-framework-core/src/test/resources/features/kpnfresh/homepage.feature:17)
]]>
    </error>
  </testcase> <!-- runScenario -->
  <testcase classname="com.framework.sample.kpnfresh.tests.TestRunner" name="runScenario" time="2.376">
    <error message="Locator not found: header.search" type="java.lang.IllegalArgumentException">
      <![CDATA[java.lang.IllegalArgumentException: Locator not found: header.search
at com.framework.pages.BasePage.lambda$getLocator$1(BasePage.java:52)
at java.base/java.util.Optional.orElseThrow(Optional.java:403)
at com.framework.pages.BasePage.getLocator(BasePage.java:52)
at com.framework.pages.BasePage.getElement(BasePage.java:73)
at com.framework.sample.kpnfresh.pages.HomePage.search(HomePage.java:13)
at com.framework.sample.kpnfresh.stepdefs.HomePageSteps.iSearchFor(HomePageSteps.java:25)
at ✽.I search for "web automation"(file:///D:/TestGenie/selenium-framework-core/src/test/resources/features/kpnfresh/homepage.feature:17)
]]>
    </error>
  </testcase> <!-- runScenario -->
  <testcase classname="com.framework.sample.kpnfresh.tests.TestRunner" name="runScenario" time="2.737">
    <error message="Locator not found: header.search" type="java.lang.IllegalArgumentException">
      <![CDATA[java.lang.IllegalArgumentException: Locator not found: header.search
at com.framework.pages.BasePage.lambda$getLocator$1(BasePage.java:52)
at java.base/java.util.Optional.orElseThrow(Optional.java:403)
at com.framework.pages.BasePage.getLocator(BasePage.java:52)
at com.framework.pages.BasePage.getElement(BasePage.java:73)
at com.framework.sample.kpnfresh.pages.HomePage.search(HomePage.java:13)
at com.framework.sample.kpnfresh.stepdefs.HomePageSteps.iSearchFor(HomePageSteps.java:25)
at ✽.I search for "java testing"(file:///D:/TestGenie/selenium-framework-core/src/test/resources/features/kpnfresh/homepage.feature:17)
]]>
    </error>
  </testcase> <!-- runScenario -->
  <testcase classname="com.framework.sample.kpnfresh.tests.TestRunner" name="runScenario" time="4.368">
    <error message="Locator not found: header.search" type="java.lang.IllegalArgumentException">
      <![CDATA[java.lang.IllegalArgumentException: Locator not found: header.search
at com.framework.pages.BasePage.lambda$getLocator$1(BasePage.java:52)
at java.base/java.util.Optional.orElseThrow(Optional.java:403)
at com.framework.pages.BasePage.getLocator(BasePage.java:52)
at com.framework.pages.BasePage.getElement(BasePage.java:73)
at com.framework.sample.kpnfresh.pages.HomePage.search(HomePage.java:13)
at com.framework.sample.kpnfresh.stepdefs.HomePageSteps.iSearchFor(HomePageSteps.java:25)
at ✽.I search for "selenium automation"(file:///D:/TestGenie/selenium-framework-core/src/test/resources/features/kpnfresh/homepage.feature:11)
]]>
    </error>
  </testcase> <!-- runScenario -->
</testsuite> <!-- com.framework.sample.kpnfresh.tests.TestRunner -->
